[debug] [2026-01-07T14:45:08.932Z] ----------------------------------------------------------------------
[debug] [2026-01-07T14:45:08.935Z] Command:       C:\Program Files\nodejs\node.exe C:\Users\Cordelia Derricott\AppData\Roaming\npm\node_modules\firebase-tools\lib\bin\firebase.js init
[debug] [2026-01-07T14:45:08.935Z] CLI Version:   15.1.0
[debug] [2026-01-07T14:45:08.935Z] Platform:      win32
[debug] [2026-01-07T14:45:08.935Z] Node Version:  v22.15.0
[debug] [2026-01-07T14:45:08.936Z] Time:          Wed Jan 07 2026 14:45:08 GMT+0000 (Greenwich Mean Time)
[debug] [2026-01-07T14:45:08.936Z] ----------------------------------------------------------------------
[debug] 
[debug] [2026-01-07T14:45:08.938Z] >>> [apiv2][query] GET https://firebase-public.firebaseio.com/cli.json [none]
[info] 
     ######## #### ########  ######## ########     ###     ######  ########
     ##        ##  ##     ## ##       ##     ##  ##   ##  ##       ##
     ######    ##  ########  ######   ########  #########  ######  ######
     ##        ##  ##    ##  ##       ##     ## ##     ##       ## ##
     ##       #### ##     ## ######## ########  ##     ##  ######  ########

You're about to initialize a Firebase project in this directory:

  C:\Users\Cordelia Derricott\Desktop\WildlifeWebsite\wildlifewebsite\wildlife-website

Before we get started, keep in mind:

  * You are initializing within an existing Firebase project directory

[debug] [2026-01-07T14:45:11.460Z] <<< [apiv2][status] GET https://firebase-public.firebaseio.com/cli.json 200
[debug] [2026-01-07T14:45:11.461Z] <<< [apiv2][body] GET https://firebase-public.firebaseio.com/cli.json {"cloudBuildErrorAfter":1594252800000,"cloudBuildWarnAfter":1590019200000,"defaultNode10After":1594252800000,"minVersion":"3.0.5","node8DeploysDisabledAfter":1613390400000,"node8RuntimeDisabledAfter":1615809600000,"node8WarnAfter":1600128000000}
